TN:
SF:src/cleanup-input-fields.js
FN:1,cleanupInputFields
FN:4,(anonymous_1)
FN:6,fieldCleanUp
FN:8,(anonymous_3)
FNF:4
FNH:4
FNDA:9,cleanupInputFields
FNDA:9,(anonymous_1)
FNDA:63,fieldCleanUp
FNDA:39,(anonymous_3)
DA:2,9
DA:4,9
DA:8,63
DA:10,63
DA:11,15
DA:12,15
DA:17,15
DA:21,9
DA:31,9
LF:9
LH:9
BRDA:1,0,0,0
BRDA:8,1,0,63
BRDA:8,1,1,56
BRDA:10,2,0,15
BRDA:10,2,1,48
BRDA:10,3,0,63
BRDA:10,3,1,57
BRF:7
BRH:6
end_of_record
TN:
SF:src/config.js
FNF:0
FNH:0
DA:6,4
LF:1
LH:1
BRF:0
BRH:0
end_of_record
TN:
SF:src/constants.js
FNF:0
FNH:0
DA:1,6
DA:9,6
DA:13,6
DA:23,6
LF:4
LH:4
BRF:0
BRH:0
end_of_record
TN:
SF:src/generate-signed-params.js
FN:8,signedParams
FN:17,generateHmacSignature
FN:28,buildSortedQuery
FNF:3
FNH:3
FNDA:23,signedParams
FNDA:23,generateHmacSignature
FNDA:23,buildSortedQuery
DA:6,1
DA:9,23
DA:13,23
DA:14,23
DA:18,23
DA:19,23
DA:22,23
DA:23,23
DA:24,23
DA:25,23
DA:30,23
DA:31,23
DA:32,23
DA:34,58
DA:37,58
DA:39,23
DA:45,23
LF:17
LH:17
BRDA:8,0,0,13
BRDA:8,1,0,21
BRDA:11,2,0,21
BRDA:11,2,1,2
BRDA:22,3,0,23
BRDA:22,3,1,0
BRDA:34,4,0,1
BRDA:34,4,1,57
BRF:8
BRH:7
end_of_record
TN:
SF:src/utils.js
FN:11,getMatchedFiles
FN:23,validateNProtections
FN:51,handleScriptConcatenation
FN:70,concatenate
FN:95,isJavascriptFile
FN:102,(anonymous_5)
FN:102,(anonymous_6)
FNF:7
FNH:7
FNDA:3,getMatchedFiles
FNDA:7,validateNProtections
FNDA:2,handleScriptConcatenation
FNDA:4,concatenate
FNDA:10,isJavascriptFile
FNDA:5,(anonymous_5)
FNDA:8,(anonymous_6)
DA:12,3
DA:17,3
DA:18,1
DA:20,3
DA:24,7
DA:25,1
DA:28,6
DA:29,6
DA:34,4
DA:37,4
DA:39,6
DA:42,2
DA:43,2
DA:52,2
DA:53,2
DA:56,2
DA:60,2
DA:71,4
DA:73,4
DA:75,4
DA:76,3
DA:78,3
DA:79,1
DA:82,2
DA:83,2
DA:85,2
DA:89,2
DA:92,3
DA:96,10
DA:97,10
DA:99,10
DA:102,5
DA:104,8
DA:105,8
DA:107,2
DA:110,2
DA:112,8
LF:37
LH:37
BRDA:17,0,0,1
BRDA:17,0,1,2
BRDA:17,1,0,3
BRDA:17,1,1,2
BRDA:24,2,0,1
BRDA:24,2,1,6
BRDA:29,3,0,4
BRDA:29,3,1,2
BRDA:30,4,0,6
BRDA:30,4,1,5
BRDA:30,4,2,4
BRDA:75,5,0,3
BRDA:75,5,1,1
BRDA:78,6,0,1
BRDA:78,6,1,2
BRDA:85,7,0,1
BRDA:85,7,1,1
BRF:17
BRH:17
end_of_record
TN:
SF:src/zip.js
FN:12,zip
FN:61,(anonymous_1)
FN:81,zipSources
FN:83,(anonymous_3)
FN:94,isWinAbsolutePath
FN:98,parseWinAbsolutePath
FN:106,unzip
FNF:7
FNH:6
FNDA:10,zip
FNDA:1,(anonymous_1)
FNDA:2,zipSources
FNDA:2,(anonymous_3)
FNDA:2,isWinAbsolutePath
FNDA:0,parseWinAbsolutePath
FNDA:8,unzip
DA:10,1
DA:13,10
DA:15,10
DA:17,10
DA:18,2
DA:21,10
DA:22,1
DA:23,1
DA:24,1
DA:26,1
DA:28,9
DA:29,9
DA:31,12
DA:32,11
DA:33,11
DA:34,1
DA:38,12
DA:39,2
DA:43,10
DA:44,1
DA:46,9
DA:49,10
DA:50,1
DA:51,1
DA:52,9
DA:54,8
DA:55,1
DA:57,7
DA:59,8
DA:61,8
DA:62,1
DA:66,1
DA:68,10
DA:69,9
DA:70,9
DA:73,9
DA:74,1
DA:78,8
DA:82,2
DA:83,2
DA:84,2
DA:85,2
DA:88,2
DA:89,0
DA:91,2
DA:95,2
DA:99,0
DA:100,0
DA:107,8
DA:108,8
DA:109,8
DA:111,8
DA:114,8
DA:115,11
DA:116,10
DA:118,10
DA:119,5
DA:120,3
DA:122,2
DA:124,5
DA:127,4
DA:128,4
DA:129,2
DA:130,2
DA:131,2
DA:133,2
DA:135,2
DA:136,0
DA:138,2
DA:139,2
DA:141,4
DA:146,8
DA:147,1
LF:73
LH:69
BRDA:13,0,0,10
BRDA:13,0,1,0
BRDA:17,1,0,2
BRDA:17,1,1,8
BRDA:21,2,0,1
BRDA:21,2,1,9
BRDA:21,3,0,10
BRDA:21,3,1,6
BRDA:31,4,0,11
BRDA:31,4,1,1
BRDA:33,5,0,1
BRDA:33,5,1,10
BRDA:38,6,0,2
BRDA:38,6,1,10
BRDA:38,7,0,12
BRDA:38,7,1,11
BRDA:43,8,0,1
BRDA:43,8,1,9
BRDA:43,9,0,10
BRDA:43,9,1,2
BRDA:43,9,2,2
BRDA:49,10,0,1
BRDA:49,10,1,9
BRDA:52,11,0,8
BRDA:52,11,1,1
BRDA:54,12,0,1
BRDA:54,12,1,7
BRDA:54,13,0,8
BRDA:54,13,1,2
BRDA:54,13,2,2
BRDA:68,14,0,9
BRDA:68,14,1,1
BRDA:73,15,0,1
BRDA:73,15,1,8
BRDA:88,16,0,0
BRDA:88,16,1,2
BRDA:95,17,0,2
BRDA:95,17,1,0
BRDA:106,18,0,6
BRDA:115,19,0,10
BRDA:115,19,1,1
BRDA:118,20,0,5
BRDA:118,20,1,5
BRDA:119,21,0,3
BRDA:119,21,1,2
BRDA:124,22,0,4
BRDA:124,22,1,1
BRDA:124,23,0,5
BRDA:124,23,1,4
BRDA:128,24,0,2
BRDA:128,24,1,2
BRDA:128,25,0,4
BRDA:128,25,1,2
BRDA:128,25,2,2
BRDA:135,26,0,0
BRDA:135,26,1,2
BRDA:146,27,0,1
BRDA:146,27,1,7
BRF:58
BRH:54
end_of_record
